<?xml version="1.0" encoding="UTF-8"?>
<testsuite xmlns:xsi="http://www.w3.org/2001/XMLSchema-instance" xsi:noNamespaceSchemaLocation="https://maven.apache.org/surefire/maven-surefire-plugin/xsd/surefire-test-report.xsd" name="com.example.matome.MatomeApplicationTests" time="27.398" tests="1" errors="0" skipped="0" failures="0">
  <properties>
    <property name="sun.desktop" value="windows"/>
    <property name="awt.toolkit" value="sun.awt.windows.WToolkit"/>
    <property name="java.specification.version" value="11"/>
    <property name="sun.cpu.isalist" value="amd64"/>
    <property name="sun.jnu.encoding" value="Cp1252"/>
    <property name="java.class.path" value="C:\Users\schroodinger\Desktop\MuseTechNicalAssesment\Back-End\target\test-classes;C:\Users\schroodinger\Desktop\MuseTechNicalAssesment\Back-End\target\classes;c:\.m2\repository\org\springframework\boot\spring-boot-starter-batch\2.4.1\spring-boot-starter-batch-2.4.1.jar;c:\.m2\repository\org\springframework\boot\spring-boot-starter\2.4.1\spring-boot-starter-2.4.1.jar;c:\.m2\repository\org\springframework\boot\spring-boot-starter-logging\2.4.1\spring-boot-starter-logging-2.4.1.jar;c:\.m2\repository\ch\qos\logback\logback-classic\1.2.3\logback-classic-1.2.3.jar;c:\.m2\repository\ch\qos\logback\logback-core\1.2.3\logback-core-1.2.3.jar;c:\.m2\repository\org\apache\logging\log4j\log4j-to-slf4j\2.13.3\log4j-to-slf4j-2.13.3.jar;c:\.m2\repository\org\apache\logging\log4j\log4j-api\2.13.3\log4j-api-2.13.3.jar;c:\.m2\repository\org\slf4j\jul-to-slf4j\1.7.30\jul-to-slf4j-1.7.30.jar;c:\.m2\repository\jakarta\annotation\jakarta.annotation-api\1.3.5\jakarta.annotation-api-1.3.5.jar;c:\.m2\repository\org\yaml\snakeyaml\1.27\snakeyaml-1.27.jar;c:\.m2\repository\org\springframework\boot\spring-boot-starter-jdbc\2.4.1\spring-boot-starter-jdbc-2.4.1.jar;c:\.m2\repository\com\zaxxer\HikariCP\3.4.5\HikariCP-3.4.5.jar;c:\.m2\repository\org\springframework\batch\spring-batch-core\4.3.1\spring-batch-core-4.3.1.jar;c:\.m2\repository\javax\batch\javax.batch-api\1.0\javax.batch-api-1.0.jar;c:\.m2\repository\org\codehaus\jettison\jettison\1.2\jettison-1.2.jar;c:\.m2\repository\org\springframework\batch\spring-batch-infrastructure\4.3.1\spring-batch-infrastructure-4.3.1.jar;c:\.m2\repository\org\springframework\retry\spring-retry\1.3.0\spring-retry-1.3.0.jar;c:\.m2\repository\javax\annotation\javax.annotation-api\1.3.2\javax.annotation-api-1.3.2.jar;c:\.m2\repository\org\springframework\spring-aop\5.3.2\spring-aop-5.3.2.jar;c:\.m2\repository\org\springframework\spring-beans\5.3.2\spring-beans-5.3.2.jar;c:\.m2\repository\org\springframework\spring-context\5.3.2\spring-context-5.3.2.jar;c:\.m2\repository\org\springframework\spring-tx\5.3.2\spring-tx-5.3.2.jar;c:\.m2\repository\org\springframework\boot\spring-boot-starter-data-jpa\2.4.1\spring-boot-starter-data-jpa-2.4.1.jar;c:\.m2\repository\org\springframework\boot\spring-boot-starter-aop\2.4.1\spring-boot-starter-aop-2.4.1.jar;c:\.m2\repository\org\aspectj\aspectjweaver\1.9.6\aspectjweaver-1.9.6.jar;c:\.m2\repository\jakarta\transaction\jakarta.transaction-api\1.3.3\jakarta.transaction-api-1.3.3.jar;c:\.m2\repository\jakarta\persistence\jakarta.persistence-api\2.2.3\jakarta.persistence-api-2.2.3.jar;c:\.m2\repository\org\hibernate\hibernate-core\5.4.25.Final\hibernate-core-5.4.25.Final.jar;c:\.m2\repository\org\jboss\logging\jboss-logging\3.4.1.Final\jboss-logging-3.4.1.Final.jar;c:\.m2\repository\org\javassist\javassist\3.27.0-GA\javassist-3.27.0-GA.jar;c:\.m2\repository\net\bytebuddy\byte-buddy\1.10.18\byte-buddy-1.10.18.jar;c:\.m2\repository\antlr\antlr\2.7.7\antlr-2.7.7.jar;c:\.m2\repository\org\jboss\jandex\2.1.3.Final\jandex-2.1.3.Final.jar;c:\.m2\repository\org\dom4j\dom4j\2.1.3\dom4j-2.1.3.jar;c:\.m2\repository\org\hibernate\common\hibernate-commons-annotations\5.1.2.Final\hibernate-commons-annotations-5.1.2.Final.jar;c:\.m2\repository\org\glassfish\jaxb\jaxb-runtime\2.3.3\jaxb-runtime-2.3.3.jar;c:\.m2\repository\org\glassfish\jaxb\txw2\2.3.3\txw2-2.3.3.jar;c:\.m2\repository\com\sun\istack\istack-commons-runtime\3.0.11\istack-commons-runtime-3.0.11.jar;c:\.m2\repository\org\springframework\data\spring-data-jpa\2.4.2\spring-data-jpa-2.4.2.jar;c:\.m2\repository\org\springframework\data\spring-data-commons\2.4.2\spring-data-commons-2.4.2.jar;c:\.m2\repository\org\springframework\spring-orm\5.3.2\spring-orm-5.3.2.jar;c:\.m2\repository\org\springframework\spring-aspects\5.3.2\spring-aspects-5.3.2.jar;c:\.m2\repository\org\springframework\boot\spring-boot-starter-actuator\2.4.1\spring-boot-starter-actuator-2.4.1.jar;c:\.m2\repository\org\springframework\boot\spring-boot-actuator-autoconfigure\2.4.1\spring-boot-actuator-autoconfigure-2.4.1.jar;c:\.m2\repository\org\springframework\boot\spring-boot-actuator\2.4.1\spring-boot-actuator-2.4.1.jar;c:\.m2\repository\com\fasterxml\jackson\datatype\jackson-datatype-jsr310\2.11.3\jackson-datatype-jsr310-2.11.3.jar;c:\.m2\repository\io\micrometer\micrometer-core\1.6.2\micrometer-core-1.6.2.jar;c:\.m2\repository\org\hdrhistogram\HdrHistogram\2.1.12\HdrHistogram-2.1.12.jar;c:\.m2\repository\org\latencyutils\LatencyUtils\2.0.3\LatencyUtils-2.0.3.jar;c:\.m2\repository\org\springframework\boot\spring-boot-starter-data-redis\2.4.1\spring-boot-starter-data-redis-2.4.1.jar;c:\.m2\repository\org\springframework\data\spring-data-redis\2.4.2\spring-data-redis-2.4.2.jar;c:\.m2\repository\org\springframework\data\spring-data-keyvalue\2.4.2\spring-data-keyvalue-2.4.2.jar;c:\.m2\repository\org\springframework\spring-context-support\5.3.2\spring-context-support-5.3.2.jar;c:\.m2\repository\io\lettuce\lettuce-core\6.0.1.RELEASE\lettuce-core-6.0.1.RELEASE.jar;c:\.m2\repository\io\netty\netty-common\4.1.55.Final\netty-common-4.1.55.Final.jar;c:\.m2\repository\io\netty\netty-handler\4.1.55.Final\netty-handler-4.1.55.Final.jar;c:\.m2\repository\io\netty\netty-resolver\4.1.55.Final\netty-resolver-4.1.55.Final.jar;c:\.m2\repository\io\netty\netty-buffer\4.1.55.Final\netty-buffer-4.1.55.Final.jar;c:\.m2\repository\io\netty\netty-codec\4.1.55.Final\netty-codec-4.1.55.Final.jar;c:\.m2\repository\io\netty\netty-transport\4.1.55.Final\netty-transport-4.1.55.Final.jar;c:\.m2\repository\org\springframework\boot\spring-boot-starter-data-redis-reactive\2.4.1\spring-boot-starter-data-redis-reactive-2.4.1.jar;c:\.m2\repository\org\springframework\boot\spring-boot-starter-data-rest\2.4.1\spring-boot-starter-data-rest-2.4.1.jar;c:\.m2\repository\org\springframework\data\spring-data-rest-webmvc\3.4.2\spring-data-rest-webmvc-3.4.2.jar;c:\.m2\repository\org\springframework\data\spring-data-rest-core\3.4.2\spring-data-rest-core-3.4.2.jar;c:\.m2\repository\org\springframework\hateoas\spring-hateoas\1.2.2\spring-hateoas-1.2.2.jar;c:\.m2\repository\org\atteo\evo-inflector\1.2.2\evo-inflector-1.2.2.jar;c:\.m2\repository\com\fasterxml\jackson\core\jackson-annotations\2.11.3\jackson-annotations-2.11.3.jar;c:\.m2\repository\org\springframework\boot\spring-boot-starter-web\2.4.1\spring-boot-starter-web-2.4.1.jar;c:\.m2\repository\org\springframework\boot\spring-boot-starter-json\2.4.1\spring-boot-starter-json-2.4.1.jar;c:\.m2\repository\com\fasterxml\jackson\datatype\jackson-datatype-jdk8\2.11.3\jackson-datatype-jdk8-2.11.3.jar;c:\.m2\repository\com\fasterxml\jackson\module\jackson-module-parameter-names\2.11.3\jackson-module-parameter-names-2.11.3.jar;c:\.m2\repository\org\springframework\boot\spring-boot-starter-tomcat\2.4.1\spring-boot-starter-tomcat-2.4.1.jar;c:\.m2\repository\org\apache\tomcat\embed\tomcat-embed-core\9.0.41\tomcat-embed-core-9.0.41.jar;c:\.m2\repository\org\glassfish\jakarta.el\3.0.3\jakarta.el-3.0.3.jar;c:\.m2\repository\org\apache\tomcat\embed\tomcat-embed-websocket\9.0.41\tomcat-embed-websocket-9.0.41.jar;c:\.m2\repository\org\springframework\spring-web\5.3.2\spring-web-5.3.2.jar;c:\.m2\repository\org\springframework\spring-webmvc\5.3.2\spring-webmvc-5.3.2.jar;c:\.m2\repository\org\springframework\spring-expression\5.3.2\spring-expression-5.3.2.jar;c:\.m2\repository\org\springframework\boot\spring-boot-devtools\2.4.1\spring-boot-devtools-2.4.1.jar;c:\.m2\repository\org\springframework\boot\spring-boot\2.4.1\spring-boot-2.4.1.jar;c:\.m2\repository\org\springframework\boot\spring-boot-autoconfigure\2.4.1\spring-boot-autoconfigure-2.4.1.jar;c:\.m2\repository\mysql\mysql-connector-java\8.0.22\mysql-connector-java-8.0.22.jar;c:\.m2\repository\org\apache\derby\derby\10.14.2.0\derby-10.14.2.0.jar;c:\.m2\repository\org\springframework\boot\spring-boot-starter-test\2.4.1\spring-boot-starter-test-2.4.1.jar;c:\.m2\repository\org\springframework\boot\spring-boot-test\2.4.1\spring-boot-test-2.4.1.jar;c:\.m2\repository\org\springframework\boot\spring-boot-test-autoconfigure\2.4.1\spring-boot-test-autoconfigure-2.4.1.jar;c:\.m2\repository\com\jayway\jsonpath\json-path\2.4.0\json-path-2.4.0.jar;c:\.m2\repository\net\minidev\json-smart\2.3\json-smart-2.3.jar;c:\.m2\repository\net\minidev\accessors-smart\1.2\accessors-smart-1.2.jar;c:\.m2\repository\org\ow2\asm\asm\5.0.4\asm-5.0.4.jar;c:\.m2\repository\jakarta\xml\bind\jakarta.xml.bind-api\2.3.3\jakarta.xml.bind-api-2.3.3.jar;c:\.m2\repository\jakarta\activation\jakarta.activation-api\1.2.2\jakarta.activation-api-1.2.2.jar;c:\.m2\repository\org\hamcrest\hamcrest\2.2\hamcrest-2.2.jar;c:\.m2\repository\org\junit\jupiter\junit-jupiter\5.7.0\junit-jupiter-5.7.0.jar;c:\.m2\repository\org\junit\jupiter\junit-jupiter-api\5.7.0\junit-jupiter-api-5.7.0.jar;c:\.m2\repository\org\apiguardian\apiguardian-api\1.1.0\apiguardian-api-1.1.0.jar;c:\.m2\repository\org\opentest4j\opentest4j\1.2.0\opentest4j-1.2.0.jar;c:\.m2\repository\org\junit\platform\junit-platform-commons\1.7.0\junit-platform-commons-1.7.0.jar;c:\.m2\repository\org\junit\jupiter\junit-jupiter-params\5.7.0\junit-jupiter-params-5.7.0.jar;c:\.m2\repository\org\junit\jupiter\junit-jupiter-engine\5.7.0\junit-jupiter-engine-5.7.0.jar;c:\.m2\repository\org\junit\platform\junit-platform-engine\1.7.0\junit-platform-engine-1.7.0.jar;c:\.m2\repository\org\mockito\mockito-core\3.6.28\mockito-core-3.6.28.jar;c:\.m2\repository\net\bytebuddy\byte-buddy-agent\1.10.18\byte-buddy-agent-1.10.18.jar;c:\.m2\repository\org\objenesis\objenesis\3.1\objenesis-3.1.jar;c:\.m2\repository\org\mockito\mockito-junit-jupiter\3.6.28\mockito-junit-jupiter-3.6.28.jar;c:\.m2\repository\org\skyscreamer\jsonassert\1.5.0\jsonassert-1.5.0.jar;c:\.m2\repository\com\vaadin\external\google\android-json\0.0.20131108.vaadin1\android-json-0.0.20131108.vaadin1.jar;c:\.m2\repository\org\springframework\spring-core\5.3.2\spring-core-5.3.2.jar;c:\.m2\repository\org\springframework\spring-jcl\5.3.2\spring-jcl-5.3.2.jar;c:\.m2\repository\org\springframework\spring-test\5.3.2\spring-test-5.3.2.jar;c:\.m2\repository\org\xmlunit\xmlunit-core\2.7.0\xmlunit-core-2.7.0.jar;c:\.m2\repository\io\projectreactor\reactor-test\3.4.1\reactor-test-3.4.1.jar;c:\.m2\repository\io\projectreactor\reactor-core\3.4.1\reactor-core-3.4.1.jar;c:\.m2\repository\org\reactivestreams\reactive-streams\1.0.3\reactive-streams-1.0.3.jar;c:\.m2\repository\org\springframework\batch\spring-batch-test\4.3.1\spring-batch-test-4.3.1.jar;c:\.m2\repository\junit\junit\4.13.1\junit-4.13.1.jar;c:\.m2\repository\org\hamcrest\hamcrest-core\2.2\hamcrest-core-2.2.jar;c:\.m2\repository\org\springframework\spring-jdbc\5.3.2\spring-jdbc-5.3.2.jar;c:\.m2\repository\io\springfox\springfox-swagger2\3.0.0\springfox-swagger2-3.0.0.jar;c:\.m2\repository\io\springfox\springfox-spi\3.0.0\springfox-spi-3.0.0.jar;c:\.m2\repository\io\springfox\springfox-core\3.0.0\springfox-core-3.0.0.jar;c:\.m2\repository\io\springfox\springfox-schema\3.0.0\springfox-schema-3.0.0.jar;c:\.m2\repository\io\springfox\springfox-swagger-common\3.0.0\springfox-swagger-common-3.0.0.jar;c:\.m2\repository\io\swagger\core\v3\swagger-annotations\2.1.2\swagger-annotations-2.1.2.jar;c:\.m2\repository\io\springfox\springfox-spring-web\3.0.0\springfox-spring-web-3.0.0.jar;c:\.m2\repository\io\github\classgraph\classgraph\4.8.83\classgraph-4.8.83.jar;c:\.m2\repository\io\springfox\springfox-spring-webmvc\3.0.0\springfox-spring-webmvc-3.0.0.jar;c:\.m2\repository\io\springfox\springfox-spring-webflux\3.0.0\springfox-spring-webflux-3.0.0.jar;c:\.m2\repository\com\fasterxml\classmate\1.5.1\classmate-1.5.1.jar;c:\.m2\repository\org\slf4j\slf4j-api\1.7.30\slf4j-api-1.7.30.jar;c:\.m2\repository\org\springframework\plugin\spring-plugin-core\2.0.0.RELEASE\spring-plugin-core-2.0.0.RELEASE.jar;c:\.m2\repository\org\springframework\plugin\spring-plugin-metadata\2.0.0.RELEASE\spring-plugin-metadata-2.0.0.RELEASE.jar;c:\.m2\repository\io\swagger\swagger-annotations\1.5.20\swagger-annotations-1.5.20.jar;c:\.m2\repository\io\swagger\swagger-models\1.5.20\swagger-models-1.5.20.jar;c:\.m2\repository\org\mapstruct\mapstruct\1.3.1.Final\mapstruct-1.3.1.Final.jar;c:\.m2\repository\io\springfox\springfox-swagger-ui\2.9.2\springfox-swagger-ui-2.9.2.jar;c:\.m2\repository\com\amazonaws\aws-java-sdk-core\1.11.415\aws-java-sdk-core-1.11.415.jar;c:\.m2\repository\commons-logging\commons-logging\1.1.3\commons-logging-1.1.3.jar;c:\.m2\repository\org\apache\httpcomponents\httpclient\4.5.13\httpclient-4.5.13.jar;c:\.m2\repository\org\apache\httpcomponents\httpcore\4.4.14\httpcore-4.4.14.jar;c:\.m2\repository\commons-codec\commons-codec\1.15\commons-codec-1.15.jar;c:\.m2\repository\software\amazon\ion\ion-java\1.0.2\ion-java-1.0.2.jar;c:\.m2\repository\com\fasterxml\jackson\core\jackson-databind\2.11.3\jackson-databind-2.11.3.jar;c:\.m2\repository\com\fasterxml\jackson\core\jackson-core\2.11.3\jackson-core-2.11.3.jar;c:\.m2\repository\com\fasterxml\jackson\dataformat\jackson-dataformat-cbor\2.11.3\jackson-dataformat-cbor-2.11.3.jar;c:\.m2\repository\joda-time\joda-time\2.8.1\joda-time-2.8.1.jar;c:\.m2\repository\org\assertj\assertj-core\3.18.1\assertj-core-3.18.1.jar;c:\.m2\repository\org\springframework\boot\spring-boot-starter-web-services\2.4.1\spring-boot-starter-web-services-2.4.1.jar;c:\.m2\repository\com\sun\xml\messaging\saaj\saaj-impl\1.5.2\saaj-impl-1.5.2.jar;c:\.m2\repository\jakarta\xml\soap\jakarta.xml.soap-api\1.4.2\jakarta.xml.soap-api-1.4.2.jar;c:\.m2\repository\org\jvnet\staxex\stax-ex\1.8.3\stax-ex-1.8.3.jar;c:\.m2\repository\com\sun\activation\jakarta.activation\1.2.2\jakarta.activation-1.2.2.jar;c:\.m2\repository\jakarta\xml\ws\jakarta.xml.ws-api\2.3.3\jakarta.xml.ws-api-2.3.3.jar;c:\.m2\repository\jakarta\jws\jakarta.jws-api\2.1.0\jakarta.jws-api-2.1.0.jar;c:\.m2\repository\org\springframework\spring-oxm\5.3.2\spring-oxm-5.3.2.jar;c:\.m2\repository\org\springframework\ws\spring-ws-core\3.0.10.RELEASE\spring-ws-core-3.0.10.RELEASE.jar;c:\.m2\repository\org\springframework\ws\spring-xml\3.0.10.RELEASE\spring-xml-3.0.10.RELEASE.jar;c:\.m2\repository\org\apache\poi\poi-ooxml\3.9\poi-ooxml-3.9.jar;c:\.m2\repository\org\apache\poi\poi\3.9\poi-3.9.jar;c:\.m2\repository\org\apache\poi\poi-ooxml-schemas\3.9\poi-ooxml-schemas-3.9.jar;c:\.m2\repository\org\apache\xmlbeans\xmlbeans\2.3.0\xmlbeans-2.3.0.jar;c:\.m2\repository\stax\stax-api\1.0.1\stax-api-1.0.1.jar;c:\.m2\repository\dom4j\dom4j\1.6.1\dom4j-1.6.1.jar;c:\.m2\repository\xml-apis\xml-apis\1.0.b2\xml-apis-1.0.b2.jar;"/>
    <property name="java.vm.vendor" value="Oracle Corporation"/>
    <property name="sun.arch.data.model" value="64"/>
    <property name="user.variant" value=""/>
    <property name="java.vendor.url" value="https://openjdk.java.net/"/>
    <property name="user.timezone" value="Africa/Harare"/>
    <property name="java.vm.specification.version" value="11"/>
    <property name="os.name" value="Windows 10"/>
    <property name="sun.java.launcher" value="SUN_STANDARD"/>
    <property name="user.country" value="ZA"/>
    <property name="sun.boot.library.path" value="C:\Program Files\Java\jdk-11.0.9\bin"/>
    <property name="sun.java.command" value="C:\Users\SCHROO~1\AppData\Local\Temp\surefire9564325149182674701\surefirebooter14958016106311524973.jar C:\Users\schroodinger\AppData\Local\Temp\surefire9564325149182674701 2021-01-16T03-49-08_566-jvmRun1 surefire15012722574921397304tmp surefire_02444719269859041240tmp"/>
    <property name="jdk.debug" value="release"/>
    <property name="surefire.test.class.path" value="C:\Users\schroodinger\Desktop\MuseTechNicalAssesment\Back-End\target\test-classes;C:\Users\schroodinger\Desktop\MuseTechNicalAssesment\Back-End\target\classes;c:\.m2\repository\org\springframework\boot\spring-boot-starter-batch\2.4.1\spring-boot-starter-batch-2.4.1.jar;c:\.m2\repository\org\springframework\boot\spring-boot-starter\2.4.1\spring-boot-starter-2.4.1.jar;c:\.m2\repository\org\springframework\boot\spring-boot-starter-logging\2.4.1\spring-boot-starter-logging-2.4.1.jar;c:\.m2\repository\ch\qos\logback\logback-classic\1.2.3\logback-classic-1.2.3.jar;c:\.m2\repository\ch\qos\logback\logback-core\1.2.3\logback-core-1.2.3.jar;c:\.m2\repository\org\apache\logging\log4j\log4j-to-slf4j\2.13.3\log4j-to-slf4j-2.13.3.jar;c:\.m2\repository\org\apache\logging\log4j\log4j-api\2.13.3\log4j-api-2.13.3.jar;c:\.m2\repository\org\slf4j\jul-to-slf4j\1.7.30\jul-to-slf4j-1.7.30.jar;c:\.m2\repository\jakarta\annotation\jakarta.annotation-api\1.3.5\jakarta.annotation-api-1.3.5.jar;c:\.m2\repository\org\yaml\snakeyaml\1.27\snakeyaml-1.27.jar;c:\.m2\repository\org\springframework\boot\spring-boot-starter-jdbc\2.4.1\spring-boot-starter-jdbc-2.4.1.jar;c:\.m2\repository\com\zaxxer\HikariCP\3.4.5\HikariCP-3.4.5.jar;c:\.m2\repository\org\springframework\batch\spring-batch-core\4.3.1\spring-batch-core-4.3.1.jar;c:\.m2\repository\javax\batch\javax.batch-api\1.0\javax.batch-api-1.0.jar;c:\.m2\repository\org\codehaus\jettison\jettison\1.2\jettison-1.2.jar;c:\.m2\repository\org\springframework\batch\spring-batch-infrastructure\4.3.1\spring-batch-infrastructure-4.3.1.jar;c:\.m2\repository\org\springframework\retry\spring-retry\1.3.0\spring-retry-1.3.0.jar;c:\.m2\repository\javax\annotation\javax.annotation-api\1.3.2\javax.annotation-api-1.3.2.jar;c:\.m2\repository\org\springframework\spring-aop\5.3.2\spring-aop-5.3.2.jar;c:\.m2\repository\org\springframework\spring-beans\5.3.2\spring-beans-5.3.2.jar;c:\.m2\repository\org\springframework\spring-context\5.3.2\spring-context-5.3.2.jar;c:\.m2\repository\org\springframework\spring-tx\5.3.2\spring-tx-5.3.2.jar;c:\.m2\repository\org\springframework\boot\spring-boot-starter-data-jpa\2.4.1\spring-boot-starter-data-jpa-2.4.1.jar;c:\.m2\repository\org\springframework\boot\spring-boot-starter-aop\2.4.1\spring-boot-starter-aop-2.4.1.jar;c:\.m2\repository\org\aspectj\aspectjweaver\1.9.6\aspectjweaver-1.9.6.jar;c:\.m2\repository\jakarta\transaction\jakarta.transaction-api\1.3.3\jakarta.transaction-api-1.3.3.jar;c:\.m2\repository\jakarta\persistence\jakarta.persistence-api\2.2.3\jakarta.persistence-api-2.2.3.jar;c:\.m2\repository\org\hibernate\hibernate-core\5.4.25.Final\hibernate-core-5.4.25.Final.jar;c:\.m2\repository\org\jboss\logging\jboss-logging\3.4.1.Final\jboss-logging-3.4.1.Final.jar;c:\.m2\repository\org\javassist\javassist\3.27.0-GA\javassist-3.27.0-GA.jar;c:\.m2\repository\net\bytebuddy\byte-buddy\1.10.18\byte-buddy-1.10.18.jar;c:\.m2\repository\antlr\antlr\2.7.7\antlr-2.7.7.jar;c:\.m2\repository\org\jboss\jandex\2.1.3.Final\jandex-2.1.3.Final.jar;c:\.m2\repository\org\dom4j\dom4j\2.1.3\dom4j-2.1.3.jar;c:\.m2\repository\org\hibernate\common\hibernate-commons-annotations\5.1.2.Final\hibernate-commons-annotations-5.1.2.Final.jar;c:\.m2\repository\org\glassfish\jaxb\jaxb-runtime\2.3.3\jaxb-runtime-2.3.3.jar;c:\.m2\repository\org\glassfish\jaxb\txw2\2.3.3\txw2-2.3.3.jar;c:\.m2\repository\com\sun\istack\istack-commons-runtime\3.0.11\istack-commons-runtime-3.0.11.jar;c:\.m2\repository\org\springframework\data\spring-data-jpa\2.4.2\spring-data-jpa-2.4.2.jar;c:\.m2\repository\org\springframework\data\spring-data-commons\2.4.2\spring-data-commons-2.4.2.jar;c:\.m2\repository\org\springframework\spring-orm\5.3.2\spring-orm-5.3.2.jar;c:\.m2\repository\org\springframework\spring-aspects\5.3.2\spring-aspects-5.3.2.jar;c:\.m2\repository\org\springframework\boot\spring-boot-starter-actuator\2.4.1\spring-boot-starter-actuator-2.4.1.jar;c:\.m2\repository\org\springframework\boot\spring-boot-actuator-autoconfigure\2.4.1\spring-boot-actuator-autoconfigure-2.4.1.jar;c:\.m2\repository\org\springframework\boot\spring-boot-actuator\2.4.1\spring-boot-actuator-2.4.1.jar;c:\.m2\repository\com\fasterxml\jackson\datatype\jackson-datatype-jsr310\2.11.3\jackson-datatype-jsr310-2.11.3.jar;c:\.m2\repository\io\micrometer\micrometer-core\1.6.2\micrometer-core-1.6.2.jar;c:\.m2\repository\org\hdrhistogram\HdrHistogram\2.1.12\HdrHistogram-2.1.12.jar;c:\.m2\repository\org\latencyutils\LatencyUtils\2.0.3\LatencyUtils-2.0.3.jar;c:\.m2\repository\org\springframework\boot\spring-boot-starter-data-redis\2.4.1\spring-boot-starter-data-redis-2.4.1.jar;c:\.m2\repository\org\springframework\data\spring-data-redis\2.4.2\spring-data-redis-2.4.2.jar;c:\.m2\repository\org\springframework\data\spring-data-keyvalue\2.4.2\spring-data-keyvalue-2.4.2.jar;c:\.m2\repository\org\springframework\spring-context-support\5.3.2\spring-context-support-5.3.2.jar;c:\.m2\repository\io\lettuce\lettuce-core\6.0.1.RELEASE\lettuce-core-6.0.1.RELEASE.jar;c:\.m2\repository\io\netty\netty-common\4.1.55.Final\netty-common-4.1.55.Final.jar;c:\.m2\repository\io\netty\netty-handler\4.1.55.Final\netty-handler-4.1.55.Final.jar;c:\.m2\repository\io\netty\netty-resolver\4.1.55.Final\netty-resolver-4.1.55.Final.jar;c:\.m2\repository\io\netty\netty-buffer\4.1.55.Final\netty-buffer-4.1.55.Final.jar;c:\.m2\repository\io\netty\netty-codec\4.1.55.Final\netty-codec-4.1.55.Final.jar;c:\.m2\repository\io\netty\netty-transport\4.1.55.Final\netty-transport-4.1.55.Final.jar;c:\.m2\repository\org\springframework\boot\spring-boot-starter-data-redis-reactive\2.4.1\spring-boot-starter-data-redis-reactive-2.4.1.jar;c:\.m2\repository\org\springframework\boot\spring-boot-starter-data-rest\2.4.1\spring-boot-starter-data-rest-2.4.1.jar;c:\.m2\repository\org\springframework\data\spring-data-rest-webmvc\3.4.2\spring-data-rest-webmvc-3.4.2.jar;c:\.m2\repository\org\springframework\data\spring-data-rest-core\3.4.2\spring-data-rest-core-3.4.2.jar;c:\.m2\repository\org\springframework\hateoas\spring-hateoas\1.2.2\spring-hateoas-1.2.2.jar;c:\.m2\repository\org\atteo\evo-inflector\1.2.2\evo-inflector-1.2.2.jar;c:\.m2\repository\com\fasterxml\jackson\core\jackson-annotations\2.11.3\jackson-annotations-2.11.3.jar;c:\.m2\repository\org\springframework\boot\spring-boot-starter-web\2.4.1\spring-boot-starter-web-2.4.1.jar;c:\.m2\repository\org\springframework\boot\spring-boot-starter-json\2.4.1\spring-boot-starter-json-2.4.1.jar;c:\.m2\repository\com\fasterxml\jackson\datatype\jackson-datatype-jdk8\2.11.3\jackson-datatype-jdk8-2.11.3.jar;c:\.m2\repository\com\fasterxml\jackson\module\jackson-module-parameter-names\2.11.3\jackson-module-parameter-names-2.11.3.jar;c:\.m2\repository\org\springframework\boot\spring-boot-starter-tomcat\2.4.1\spring-boot-starter-tomcat-2.4.1.jar;c:\.m2\repository\org\apache\tomcat\embed\tomcat-embed-core\9.0.41\tomcat-embed-core-9.0.41.jar;c:\.m2\repository\org\glassfish\jakarta.el\3.0.3\jakarta.el-3.0.3.jar;c:\.m2\repository\org\apache\tomcat\embed\tomcat-embed-websocket\9.0.41\tomcat-embed-websocket-9.0.41.jar;c:\.m2\repository\org\springframework\spring-web\5.3.2\spring-web-5.3.2.jar;c:\.m2\repository\org\springframework\spring-webmvc\5.3.2\spring-webmvc-5.3.2.jar;c:\.m2\repository\org\springframework\spring-expression\5.3.2\spring-expression-5.3.2.jar;c:\.m2\repository\org\springframework\boot\spring-boot-devtools\2.4.1\spring-boot-devtools-2.4.1.jar;c:\.m2\repository\org\springframework\boot\spring-boot\2.4.1\spring-boot-2.4.1.jar;c:\.m2\repository\org\springframework\boot\spring-boot-autoconfigure\2.4.1\spring-boot-autoconfigure-2.4.1.jar;c:\.m2\repository\mysql\mysql-connector-java\8.0.22\mysql-connector-java-8.0.22.jar;c:\.m2\repository\org\apache\derby\derby\10.14.2.0\derby-10.14.2.0.jar;c:\.m2\repository\org\springframework\boot\spring-boot-starter-test\2.4.1\spring-boot-starter-test-2.4.1.jar;c:\.m2\repository\org\springframework\boot\spring-boot-test\2.4.1\spring-boot-test-2.4.1.jar;c:\.m2\repository\org\springframework\boot\spring-boot-test-autoconfigure\2.4.1\spring-boot-test-autoconfigure-2.4.1.jar;c:\.m2\repository\com\jayway\jsonpath\json-path\2.4.0\json-path-2.4.0.jar;c:\.m2\repository\net\minidev\json-smart\2.3\json-smart-2.3.jar;c:\.m2\repository\net\minidev\accessors-smart\1.2\accessors-smart-1.2.jar;c:\.m2\repository\org\ow2\asm\asm\5.0.4\asm-5.0.4.jar;c:\.m2\repository\jakarta\xml\bind\jakarta.xml.bind-api\2.3.3\jakarta.xml.bind-api-2.3.3.jar;c:\.m2\repository\jakarta\activation\jakarta.activation-api\1.2.2\jakarta.activation-api-1.2.2.jar;c:\.m2\repository\org\hamcrest\hamcrest\2.2\hamcrest-2.2.jar;c:\.m2\repository\org\junit\jupiter\junit-jupiter\5.7.0\junit-jupiter-5.7.0.jar;c:\.m2\repository\org\junit\jupiter\junit-jupiter-api\5.7.0\junit-jupiter-api-5.7.0.jar;c:\.m2\repository\org\apiguardian\apiguardian-api\1.1.0\apiguardian-api-1.1.0.jar;c:\.m2\repository\org\opentest4j\opentest4j\1.2.0\opentest4j-1.2.0.jar;c:\.m2\repository\org\junit\platform\junit-platform-commons\1.7.0\junit-platform-commons-1.7.0.jar;c:\.m2\repository\org\junit\jupiter\junit-jupiter-params\5.7.0\junit-jupiter-params-5.7.0.jar;c:\.m2\repository\org\junit\jupiter\junit-jupiter-engine\5.7.0\junit-jupiter-engine-5.7.0.jar;c:\.m2\repository\org\junit\platform\junit-platform-engine\1.7.0\junit-platform-engine-1.7.0.jar;c:\.m2\repository\org\mockito\mockito-core\3.6.28\mockito-core-3.6.28.jar;c:\.m2\repository\net\bytebuddy\byte-buddy-agent\1.10.18\byte-buddy-agent-1.10.18.jar;c:\.m2\repository\org\objenesis\objenesis\3.1\objenesis-3.1.jar;c:\.m2\repository\org\mockito\mockito-junit-jupiter\3.6.28\mockito-junit-jupiter-3.6.28.jar;c:\.m2\repository\org\skyscreamer\jsonassert\1.5.0\jsonassert-1.5.0.jar;c:\.m2\repository\com\vaadin\external\google\android-json\0.0.20131108.vaadin1\android-json-0.0.20131108.vaadin1.jar;c:\.m2\repository\org\springframework\spring-core\5.3.2\spring-core-5.3.2.jar;c:\.m2\repository\org\springframework\spring-jcl\5.3.2\spring-jcl-5.3.2.jar;c:\.m2\repository\org\springframework\spring-test\5.3.2\spring-test-5.3.2.jar;c:\.m2\repository\org\xmlunit\xmlunit-core\2.7.0\xmlunit-core-2.7.0.jar;c:\.m2\repository\io\projectreactor\reactor-test\3.4.1\reactor-test-3.4.1.jar;c:\.m2\repository\io\projectreactor\reactor-core\3.4.1\reactor-core-3.4.1.jar;c:\.m2\repository\org\reactivestreams\reactive-streams\1.0.3\reactive-streams-1.0.3.jar;c:\.m2\repository\org\springframework\batch\spring-batch-test\4.3.1\spring-batch-test-4.3.1.jar;c:\.m2\repository\junit\junit\4.13.1\junit-4.13.1.jar;c:\.m2\repository\org\hamcrest\hamcrest-core\2.2\hamcrest-core-2.2.jar;c:\.m2\repository\org\springframework\spring-jdbc\5.3.2\spring-jdbc-5.3.2.jar;c:\.m2\repository\io\springfox\springfox-swagger2\3.0.0\springfox-swagger2-3.0.0.jar;c:\.m2\repository\io\springfox\springfox-spi\3.0.0\springfox-spi-3.0.0.jar;c:\.m2\repository\io\springfox\springfox-core\3.0.0\springfox-core-3.0.0.jar;c:\.m2\repository\io\springfox\springfox-schema\3.0.0\springfox-schema-3.0.0.jar;c:\.m2\repository\io\springfox\springfox-swagger-common\3.0.0\springfox-swagger-common-3.0.0.jar;c:\.m2\repository\io\swagger\core\v3\swagger-annotations\2.1.2\swagger-annotations-2.1.2.jar;c:\.m2\repository\io\springfox\springfox-spring-web\3.0.0\springfox-spring-web-3.0.0.jar;c:\.m2\repository\io\github\classgraph\classgraph\4.8.83\classgraph-4.8.83.jar;c:\.m2\repository\io\springfox\springfox-spring-webmvc\3.0.0\springfox-spring-webmvc-3.0.0.jar;c:\.m2\repository\io\springfox\springfox-spring-webflux\3.0.0\springfox-spring-webflux-3.0.0.jar;c:\.m2\repository\com\fasterxml\classmate\1.5.1\classmate-1.5.1.jar;c:\.m2\repository\org\slf4j\slf4j-api\1.7.30\slf4j-api-1.7.30.jar;c:\.m2\repository\org\springframework\plugin\spring-plugin-core\2.0.0.RELEASE\spring-plugin-core-2.0.0.RELEASE.jar;c:\.m2\repository\org\springframework\plugin\spring-plugin-metadata\2.0.0.RELEASE\spring-plugin-metadata-2.0.0.RELEASE.jar;c:\.m2\repository\io\swagger\swagger-annotations\1.5.20\swagger-annotations-1.5.20.jar;c:\.m2\repository\io\swagger\swagger-models\1.5.20\swagger-models-1.5.20.jar;c:\.m2\repository\org\mapstruct\mapstruct\1.3.1.Final\mapstruct-1.3.1.Final.jar;c:\.m2\repository\io\springfox\springfox-swagger-ui\2.9.2\springfox-swagger-ui-2.9.2.jar;c:\.m2\repository\com\amazonaws\aws-java-sdk-core\1.11.415\aws-java-sdk-core-1.11.415.jar;c:\.m2\repository\commons-logging\commons-logging\1.1.3\commons-logging-1.1.3.jar;c:\.m2\repository\org\apache\httpcomponents\httpclient\4.5.13\httpclient-4.5.13.jar;c:\.m2\repository\org\apache\httpcomponents\httpcore\4.4.14\httpcore-4.4.14.jar;c:\.m2\repository\commons-codec\commons-codec\1.15\commons-codec-1.15.jar;c:\.m2\repository\software\amazon\ion\ion-java\1.0.2\ion-java-1.0.2.jar;c:\.m2\repository\com\fasterxml\jackson\core\jackson-databind\2.11.3\jackson-databind-2.11.3.jar;c:\.m2\repository\com\fasterxml\jackson\core\jackson-core\2.11.3\jackson-core-2.11.3.jar;c:\.m2\repository\com\fasterxml\jackson\dataformat\jackson-dataformat-cbor\2.11.3\jackson-dataformat-cbor-2.11.3.jar;c:\.m2\repository\joda-time\joda-time\2.8.1\joda-time-2.8.1.jar;c:\.m2\repository\org\assertj\assertj-core\3.18.1\assertj-core-3.18.1.jar;c:\.m2\repository\org\springframework\boot\spring-boot-starter-web-services\2.4.1\spring-boot-starter-web-services-2.4.1.jar;c:\.m2\repository\com\sun\xml\messaging\saaj\saaj-impl\1.5.2\saaj-impl-1.5.2.jar;c:\.m2\repository\jakarta\xml\soap\jakarta.xml.soap-api\1.4.2\jakarta.xml.soap-api-1.4.2.jar;c:\.m2\repository\org\jvnet\staxex\stax-ex\1.8.3\stax-ex-1.8.3.jar;c:\.m2\repository\com\sun\activation\jakarta.activation\1.2.2\jakarta.activation-1.2.2.jar;c:\.m2\repository\jakarta\xml\ws\jakarta.xml.ws-api\2.3.3\jakarta.xml.ws-api-2.3.3.jar;c:\.m2\repository\jakarta\jws\jakarta.jws-api\2.1.0\jakarta.jws-api-2.1.0.jar;c:\.m2\repository\org\springframework\spring-oxm\5.3.2\spring-oxm-5.3.2.jar;c:\.m2\repository\org\springframework\ws\spring-ws-core\3.0.10.RELEASE\spring-ws-core-3.0.10.RELEASE.jar;c:\.m2\repository\org\springframework\ws\spring-xml\3.0.10.RELEASE\spring-xml-3.0.10.RELEASE.jar;c:\.m2\repository\org\apache\poi\poi-ooxml\3.9\poi-ooxml-3.9.jar;c:\.m2\repository\org\apache\poi\poi\3.9\poi-3.9.jar;c:\.m2\repository\org\apache\poi\poi-ooxml-schemas\3.9\poi-ooxml-schemas-3.9.jar;c:\.m2\repository\org\apache\xmlbeans\xmlbeans\2.3.0\xmlbeans-2.3.0.jar;c:\.m2\repository\stax\stax-api\1.0.1\stax-api-1.0.1.jar;c:\.m2\repository\dom4j\dom4j\1.6.1\dom4j-1.6.1.jar;c:\.m2\repository\xml-apis\xml-apis\1.0.b2\xml-apis-1.0.b2.jar;"/>
    <property name="sun.cpu.endian" value="little"/>
    <property name="user.home" value="C:\Users\schroodinger"/>
    <property name="user.language" value="en"/>
    <property name="java.specification.vendor" value="Oracle Corporation"/>
    <property name="java.version.date" value="2020-10-20"/>
    <property name="java.home" value="C:\Program Files\Java\jdk-11.0.9"/>
    <property name="file.separator" value="\"/>
    <property name="basedir" value="C:\Users\schroodinger\Desktop\MuseTechNicalAssesment\Back-End"/>
    <property name="java.vm.compressedOopsMode" value="Zero based"/>
    <property name="line.separator" value="&#10;"/>
    <property name="java.specification.name" value="Java Platform API Specification"/>
    <property name="java.vm.specification.vendor" value="Oracle Corporation"/>
    <property name="java.awt.graphicsenv" value="sun.awt.Win32GraphicsEnvironment"/>
    <property name="surefire.real.class.path" value="C:\Users\SCHROO~1\AppData\Local\Temp\surefire9564325149182674701\surefirebooter14958016106311524973.jar"/>
    <property name="user.script" value=""/>
    <property name="sun.management.compiler" value="HotSpot 64-Bit Tiered Compilers"/>
    <property name="java.runtime.version" value="11.0.9+7-LTS"/>
    <property name="user.name" value="schroodinger"/>
    <property name="path.separator" value=";"/>
    <property name="os.version" value="10.0"/>
    <property name="java.runtime.name" value="Java(TM) SE Runtime Environment"/>
    <property name="file.encoding" value="Cp1252"/>
    <property name="java.vm.name" value="Java HotSpot(TM) 64-Bit Server VM"/>
    <property name="java.vendor.version" value="18.9"/>
    <property name="localRepository" value="c:\.m2\repository"/>
    <property name="java.vendor.url.bug" value="https://bugreport.java.com/bugreport/"/>
    <property name="java.io.tmpdir" value="C:\Users\SCHROO~1\AppData\Local\Temp\"/>
    <property name="java.version" value="11.0.9"/>
    <property name="user.dir" value="C:\Users\schroodinger\Desktop\MuseTechNicalAssesment\Back-End"/>
    <property name="os.arch" value="amd64"/>
    <property name="java.vm.specification.name" value="Java Virtual Machine Specification"/>
    <property name="java.awt.printerjob" value="sun.awt.windows.WPrinterJob"/>
    <property name="sun.os.patch.level" value=""/>
    <property name="java.library.path" value="C:\Program Files\Java\jdk-11.0.9\bin;C:\WINDOWS\Sun\Java\bin;C:\WINDOWS\system32;C:\WINDOWS;C:\Program Files\Java\jdk-11.0.9\bin;C:\Python39\Scripts\;C:\Python39\;C:\Program Files (x86)\Common Files\Oracle\Java\javapath;C:\WINDOWS\system32;C:\WINDOWS;C:\WINDOWS\System32\Wbem;C:\WINDOWS\System32\WindowsPowerShell\v1.0\;C:\WINDOWS\System32\OpenSSH\;C:\Program Files\PuTTY\;C:\Program Files\CodeBlocks\MinGW\bin;C;C:\apache-maven-3.6.3\bin;C;C:\Program Files\nodejs\;C:\ProgramData\chocolatey\bin;C:\Program Files\Git\cmd;C:\Derby_DB\bin;C:\Program Files\Java\jdk-11.0.9\bin;C:\Program Files\JetBrains\IntelliJ IDEA 2020.1.2\bin;C:\Program Files\heroku\bin;C:\Users\schroodinger\AppData\Local\atom\bin;C:\apache-maven-3.6.3\bin;C:\Users\schroodinger\AppData\Local\Programs\Microsoft VS Code\bin;C:\Users\schroodinger\AppData\Roaming\npm;;."/>
    <property name="java.vendor" value="Oracle Corporation"/>
    <property name="java.vm.info" value="mixed mode"/>
    <property name="java.vm.version" value="11.0.9+7-LTS"/>
    <property name="sun.io.unicode.encoding" value="UnicodeLittle"/>
    <property name="java.class.version" value="55.0"/>
  </properties>
  <testcase name="contextLoads" classname="com.example.matome.MatomeApplicationTests" time="0.004"/>
</testsuite>